0 info it worked if it ends with ok
1 verbose cli [ '/usr/bin/node', '/usr/bin/npm', 'install', 'node' ]
2 info using npm@3.5.2
3 info using node@v8.10.0
4 silly loadCurrentTree Starting
5 silly install loadCurrentTree
6 silly install readLocalPackageData
7 silly fetchPackageMetaData node
8 silly fetchNamedPackageData node
9 silly mapToRegistry name node
10 silly mapToRegistry using default registry
11 silly mapToRegistry registry https://registry.npmjs.org/
12 silly mapToRegistry uri https://registry.npmjs.org/node
13 verbose request uri https://registry.npmjs.org/node
14 verbose request no auth needed
15 info attempt registry request try #1 at 4:56:25 PM
16 verbose request id 1f504976f965a926
17 http request GET https://registry.npmjs.org/node
18 http 200 https://registry.npmjs.org/node
19 verbose headers { date: 'Tue, 14 May 2019 15:56:24 GMT',
19 verbose headers   'content-type': 'application/json',
19 verbose headers   'transfer-encoding': 'chunked',
19 verbose headers   connection: 'keep-alive',
19 verbose headers   'set-cookie':
19 verbose headers    [ '__cfduid=d260e284acdcfcc6886874cd2d45fa2171557849384; expires=Wed, 13-May-20 15:56:24 GMT; path=/; domain=.registry.npmjs.org; HttpOnly' ],
19 verbose headers   'cf-cache-status': 'HIT',
19 verbose headers   'cache-control': 'max-age=300',
19 verbose headers   'cf-ray': '4d6e0fd9fc99cd16-FCO',
19 verbose headers   etag: 'W/"13a995ebb1d779103ce7dc8dc05fe108"',
19 verbose headers   'expect-ct': 'max-age=604800, report-uri="https://report-uri.cloudflare.com/cdn-cgi/beacon/expect-ct"',
19 verbose headers   'last-modified': 'Thu, 09 May 2019 03:49:27 GMT',
19 verbose headers   vary: 'accept-encoding, accept',
19 verbose headers   'x-amz-meta-rev': '477-f71f8bf654afbab01c907ca30df49427',
19 verbose headers   server: 'cloudflare',
19 verbose headers   'content-encoding': 'gzip' }
20 silly get cb [ 200,
20 silly get   { date: 'Tue, 14 May 2019 15:56:24 GMT',
20 silly get     'content-type': 'application/json',
20 silly get     'transfer-encoding': 'chunked',
20 silly get     connection: 'keep-alive',
20 silly get     'set-cookie':
20 silly get      [ '__cfduid=d260e284acdcfcc6886874cd2d45fa2171557849384; expires=Wed, 13-May-20 15:56:24 GMT; path=/; domain=.registry.npmjs.org; HttpOnly' ],
20 silly get     'cf-cache-status': 'HIT',
20 silly get     'cache-control': 'max-age=300',
20 silly get     'cf-ray': '4d6e0fd9fc99cd16-FCO',
20 silly get     etag: 'W/"13a995ebb1d779103ce7dc8dc05fe108"',
20 silly get     'expect-ct': 'max-age=604800, report-uri="https://report-uri.cloudflare.com/cdn-cgi/beacon/expect-ct"',
20 silly get     'last-modified': 'Thu, 09 May 2019 03:49:27 GMT',
20 silly get     vary: 'accept-encoding, accept',
20 silly get     'x-amz-meta-rev': '477-f71f8bf654afbab01c907ca30df49427',
20 silly get     server: 'cloudflare',
20 silly get     'content-encoding': 'gzip' } ]
21 verbose get saving node to /home/vanbommel8/.npm/registry.npmjs.org/node/.cache.json
22 silly install normalizeTree
23 silly loadCurrentTree Finishing
24 silly loadIdealTree Starting
25 silly install loadIdealTree
26 silly cloneCurrentTree Starting
27 silly install cloneCurrentTreeToIdealTree
28 silly cloneCurrentTree Finishing
29 silly loadShrinkwrap Starting
30 silly install loadShrinkwrap
31 silly loadShrinkwrap Finishing
32 silly loadAllDepsIntoIdealTree Starting
33 silly install loadAllDepsIntoIdealTree
34 silly resolveWithNewModule node@12.2.0 checking installable status
35 silly cache add args [ 'node', null ]
36 verbose cache add spec node
37 silly cache add parsed spec Result {
37 silly cache add   raw: 'node',
37 silly cache add   scope: null,
37 silly cache add   name: 'node',
37 silly cache add   rawSpec: '',
37 silly cache add   spec: 'latest',
37 silly cache add   type: 'tag' }
38 silly addNamed node@latest
39 verbose addNamed "latest" is being treated as a dist-tag for node
40 info addNameTag [ 'node', 'latest' ]
41 silly mapToRegistry name node
42 silly mapToRegistry using default registry
43 silly mapToRegistry registry https://registry.npmjs.org/
44 silly mapToRegistry uri https://registry.npmjs.org/node
45 verbose addNameTag registry:https://registry.npmjs.org/node not in flight; fetching
46 verbose get https://registry.npmjs.org/node not expired, no request
47 silly addNameTag next cb for node with tag latest
48 silly addNamed node@12.2.0
49 verbose addNamed "12.2.0" is a plain semver version for node
50 silly mapToRegistry name node
51 silly mapToRegistry using default registry
52 silly mapToRegistry registry https://registry.npmjs.org/
53 silly mapToRegistry uri https://registry.npmjs.org/node
54 verbose addRemoteTarball https://registry.npmjs.org/node/-/node-12.2.0.tgz not in flight; adding
55 verbose addRemoteTarball [ 'https://registry.npmjs.org/node/-/node-12.2.0.tgz',
55 verbose addRemoteTarball   '1c56b40d2bf1ba09683c1350317ae186a4b4c9e9' ]
56 info retry fetch attempt 1 at 4:56:28 PM
57 info attempt registry request try #1 at 4:56:28 PM
58 http fetch GET https://registry.npmjs.org/node/-/node-12.2.0.tgz
59 http fetch 200 https://registry.npmjs.org/node/-/node-12.2.0.tgz
60 silly fetchAndShaCheck shasum 1c56b40d2bf1ba09683c1350317ae186a4b4c9e9
61 verbose addTmpTarball /tmp/npm-84-645dfc34/registry.npmjs.org/node/-/node-12.2.0.tgz not in flight; adding
62 verbose addTmpTarball already have metadata; skipping unpack for node@12.2.0
63 silly cache afterAdd node@12.2.0
64 verbose afterAdd /home/vanbommel8/.npm/node/12.2.0/package/package.json not in flight; writing
65 verbose afterAdd /home/vanbommel8/.npm/node/12.2.0/package/package.json written
66 silly fetchNamedPackageData node-bin-setup
67 silly mapToRegistry name node-bin-setup
68 silly mapToRegistry using default registry
69 silly mapToRegistry registry https://registry.npmjs.org/
70 silly mapToRegistry uri https://registry.npmjs.org/node-bin-setup
71 verbose request uri https://registry.npmjs.org/node-bin-setup
72 verbose request no auth needed
73 info attempt registry request try #1 at 4:56:28 PM
74 http request GET https://registry.npmjs.org/node-bin-setup
75 http 200 https://registry.npmjs.org/node-bin-setup
76 verbose headers { date: 'Tue, 14 May 2019 15:56:24 GMT',
76 verbose headers   'content-type': 'application/json; charset=UTF-8',
76 verbose headers   'transfer-encoding': 'chunked',
76 verbose headers   connection: 'keep-alive',
76 verbose headers   'set-cookie':
76 verbose headers    [ '__cfduid=d260e284acdcfcc6886874cd2d45fa2171557849384; expires=Wed, 13-May-20 15:56:24 GMT; path=/; domain=.registry.npmjs.org; HttpOnly' ],
76 verbose headers   'cf-cache-status': 'HIT',
76 verbose headers   'cache-control': 'max-age=300',
76 verbose headers   'cf-ray': '4d6e0fddff5dcd16-FCO',
76 verbose headers   etag: 'W/"696d6ec470fda56a33885508a280edab"',
76 verbose headers   'expect-ct': 'max-age=604800, report-uri="https://report-uri.cloudflare.com/cdn-cgi/beacon/expect-ct"',
76 verbose headers   'last-modified': 'Sun, 27 May 2018 09:55:03 GMT',
76 verbose headers   vary: 'accept-encoding, accept',
76 verbose headers   server: 'cloudflare',
76 verbose headers   'content-encoding': 'gzip' }
77 silly get cb [ 200,
77 silly get   { date: 'Tue, 14 May 2019 15:56:24 GMT',
77 silly get     'content-type': 'application/json; charset=UTF-8',
77 silly get     'transfer-encoding': 'chunked',
77 silly get     connection: 'keep-alive',
77 silly get     'set-cookie':
77 silly get      [ '__cfduid=d260e284acdcfcc6886874cd2d45fa2171557849384; expires=Wed, 13-May-20 15:56:24 GMT; path=/; domain=.registry.npmjs.org; HttpOnly' ],
77 silly get     'cf-cache-status': 'HIT',
77 silly get     'cache-control': 'max-age=300',
77 silly get     'cf-ray': '4d6e0fddff5dcd16-FCO',
77 silly get     etag: 'W/"696d6ec470fda56a33885508a280edab"',
77 silly get     'expect-ct': 'max-age=604800, report-uri="https://report-uri.cloudflare.com/cdn-cgi/beacon/expect-ct"',
77 silly get     'last-modified': 'Sun, 27 May 2018 09:55:03 GMT',
77 silly get     vary: 'accept-encoding, accept',
77 silly get     server: 'cloudflare',
77 silly get     'content-encoding': 'gzip' } ]
78 verbose get saving node-bin-setup to /home/vanbommel8/.npm/registry.npmjs.org/node-bin-setup/.cache.json
79 silly resolveWithNewModule node-bin-setup@1.0.6 checking installable status
80 silly cache add args [ 'node-bin-setup@^1.0.0', null ]
81 verbose cache add spec node-bin-setup@^1.0.0
82 silly cache add parsed spec Result {
82 silly cache add   raw: 'node-bin-setup@^1.0.0',
82 silly cache add   scope: null,
82 silly cache add   name: 'node-bin-setup',
82 silly cache add   rawSpec: '^1.0.0',
82 silly cache add   spec: '>=1.0.0 <2.0.0',
82 silly cache add   type: 'range' }
83 silly addNamed node-bin-setup@>=1.0.0 <2.0.0
84 verbose addNamed ">=1.0.0 <2.0.0" is a valid semver range for node-bin-setup
85 silly addNameRange { name: 'node-bin-setup',
85 silly addNameRange   range: '>=1.0.0 <2.0.0',
85 silly addNameRange   hasData: false }
86 silly mapToRegistry name node-bin-setup
87 silly mapToRegistry using default registry
88 silly mapToRegistry registry https://registry.npmjs.org/
89 silly mapToRegistry uri https://registry.npmjs.org/node-bin-setup
90 verbose addNameRange registry:https://registry.npmjs.org/node-bin-setup not in flight; fetching
91 verbose get https://registry.npmjs.org/node-bin-setup not expired, no request
92 silly addNameRange number 2 { name: 'node-bin-setup',
92 silly addNameRange   range: '>=1.0.0 <2.0.0',
92 silly addNameRange   hasData: true }
93 silly addNameRange versions [ 'node-bin-setup',
93 silly addNameRange   [ '1.0.0', '1.0.1', '1.0.2', '1.0.3', '1.0.4', '1.0.6' ] ]
94 silly addNamed node-bin-setup@1.0.6
95 verbose addNamed "1.0.6" is a plain semver version for node-bin-setup
96 silly mapToRegistry name node-bin-setup
97 silly mapToRegistry using default registry
98 silly mapToRegistry registry https://registry.npmjs.org/
99 silly mapToRegistry uri https://registry.npmjs.org/node-bin-setup
100 verbose addRemoteTarball https://registry.npmjs.org/node-bin-setup/-/node-bin-setup-1.0.6.tgz not in flight; adding
101 verbose addRemoteTarball [ 'https://registry.npmjs.org/node-bin-setup/-/node-bin-setup-1.0.6.tgz',
101 verbose addRemoteTarball   '4b5c9bb937ece702d7069b36ca78af4684677528' ]
102 info retry fetch attempt 1 at 4:56:28 PM
103 info attempt registry request try #1 at 4:56:28 PM
104 http fetch GET https://registry.npmjs.org/node-bin-setup/-/node-bin-setup-1.0.6.tgz
105 http fetch 200 https://registry.npmjs.org/node-bin-setup/-/node-bin-setup-1.0.6.tgz
106 silly fetchAndShaCheck shasum 4b5c9bb937ece702d7069b36ca78af4684677528
107 verbose addTmpTarball /tmp/npm-84-645dfc34/registry.npmjs.org/node-bin-setup/-/node-bin-setup-1.0.6.tgz not in flight; adding
108 verbose addTmpTarball already have metadata; skipping unpack for node-bin-setup@1.0.6
109 silly cache afterAdd node-bin-setup@1.0.6
110 verbose afterAdd /home/vanbommel8/.npm/node-bin-setup/1.0.6/package/package.json not in flight; writing
111 verbose afterAdd /home/vanbommel8/.npm/node-bin-setup/1.0.6/package/package.json written
112 silly loadAllDepsIntoIdealTree Finishing
113 silly idealTree:prePrune stevejobs-versioning-1@1.0.0
113 silly idealTree:prePrune ├── @types/chai@4.1.7
113 silly idealTree:prePrune ├── @types/cookiejar@2.1.1
113 silly idealTree:prePrune ├── @types/node@12.0.1
113 silly idealTree:prePrune ├── @types/superagent@3.8.7
113 silly idealTree:prePrune ├── abbrev@1.0.9
113 silly idealTree:prePrune ├── accepts@1.3.7
113 silly idealTree:prePrune ├── amdefine@1.0.1
113 silly idealTree:prePrune ├── ansi-colors@3.2.3
113 silly idealTree:prePrune ├── ansi-regex@3.0.0
113 silly idealTree:prePrune ├── ansi-styles@3.2.1
113 silly idealTree:prePrune ├── argparse@1.0.10
113 silly idealTree:prePrune ├── array-flatten@1.1.1
113 silly idealTree:prePrune ├── assertion-error@1.1.0
113 silly idealTree:prePrune ├── async@2.6.1
113 silly idealTree:prePrune ├── asynckit@0.4.0
113 silly idealTree:prePrune ├── balanced-match@1.0.0
113 silly idealTree:prePrune ├── basic-auth@2.0.1
113 silly idealTree:prePrune ├── bluebird@3.5.1
113 silly idealTree:prePrune ├── body-parser@1.19.0
113 silly idealTree:prePrune ├── brace-expansion@1.1.11
113 silly idealTree:prePrune ├── browser-stdout@1.3.1
113 silly idealTree:prePrune ├── bson@1.1.1
113 silly idealTree:prePrune ├── bytes@3.1.0
113 silly idealTree:prePrune ├── camelcase@5.3.1
113 silly idealTree:prePrune ├── chai-http@4.3.0
113 silly idealTree:prePrune ├── chai@4.2.0
113 silly idealTree:prePrune ├─┬ chalk@2.4.2
113 silly idealTree:prePrune │ └── supports-color@5.5.0
113 silly idealTree:prePrune ├── check-error@1.0.2
113 silly idealTree:prePrune ├── check@1.0.0
113 silly idealTree:prePrune ├── cliui@4.1.0
113 silly idealTree:prePrune ├── code-point-at@1.1.0
113 silly idealTree:prePrune ├── color-convert@1.9.3
113 silly idealTree:prePrune ├── color-name@1.1.3
113 silly idealTree:prePrune ├── combined-stream@1.0.8
113 silly idealTree:prePrune ├── commander@2.20.0
113 silly idealTree:prePrune ├── component-emitter@1.3.0
113 silly idealTree:prePrune ├── concat-map@0.0.1
113 silly idealTree:prePrune ├── content-disposition@0.5.2
113 silly idealTree:prePrune ├── content-type@1.0.4
113 silly idealTree:prePrune ├── cookie-signature@1.0.6
113 silly idealTree:prePrune ├── cookie@0.3.1
113 silly idealTree:prePrune ├── cookiejar@2.1.2
113 silly idealTree:prePrune ├── core-util-is@1.0.2
113 silly idealTree:prePrune ├── cross-spawn@6.0.5
113 silly idealTree:prePrune ├── debug@2.6.9
113 silly idealTree:prePrune ├── decamelize@1.2.0
113 silly idealTree:prePrune ├── deep-eql@3.0.1
113 silly idealTree:prePrune ├── deep-is@0.1.3
113 silly idealTree:prePrune ├── define-properties@1.1.3
113 silly idealTree:prePrune ├── delayed-stream@1.0.0
113 silly idealTree:prePrune ├── depd@1.1.2
113 silly idealTree:prePrune ├── destroy@1.0.4
113 silly idealTree:prePrune ├── diff@3.5.0
113 silly idealTree:prePrune ├── ee-first@1.1.1
113 silly idealTree:prePrune ├── emoji-regex@7.0.3
113 silly idealTree:prePrune ├── encodeurl@1.0.2
113 silly idealTree:prePrune ├── end-of-stream@1.4.1
113 silly idealTree:prePrune ├── es-abstract@1.13.0
113 silly idealTree:prePrune ├── es-to-primitive@1.2.0
113 silly idealTree:prePrune ├── escape-html@1.0.3
113 silly idealTree:prePrune ├── escape-string-regexp@1.0.5
113 silly idealTree:prePrune ├─┬ escodegen@1.8.1
113 silly idealTree:prePrune │ └── esprima@2.7.3
113 silly idealTree:prePrune ├── esprima@4.0.1
113 silly idealTree:prePrune ├── estraverse@1.9.3
113 silly idealTree:prePrune ├── esutils@2.0.2
113 silly idealTree:prePrune ├── etag@1.8.1
113 silly idealTree:prePrune ├── execa@1.0.0
113 silly idealTree:prePrune ├── express-validator@5.3.1
113 silly idealTree:prePrune ├─┬ express@4.16.4
113 silly idealTree:prePrune │ ├── body-parser@1.18.3
113 silly idealTree:prePrune │ ├── bytes@3.0.0
113 silly idealTree:prePrune │ ├── http-errors@1.6.3
113 silly idealTree:prePrune │ ├── iconv-lite@0.4.23
113 silly idealTree:prePrune │ ├── qs@6.5.2
113 silly idealTree:prePrune │ ├── raw-body@2.3.3
113 silly idealTree:prePrune │ ├── setprototypeof@1.1.0
113 silly idealTree:prePrune │ └── statuses@1.4.0
113 silly idealTree:prePrune ├── extend@3.0.2
113 silly idealTree:prePrune ├── fast-levenshtein@2.0.6
113 silly idealTree:prePrune ├─┬ finalhandler@1.1.1
113 silly idealTree:prePrune │ └── statuses@1.4.0
113 silly idealTree:prePrune ├── find-up@3.0.0
113 silly idealTree:prePrune ├── flat@4.1.0
113 silly idealTree:prePrune ├── form-data@2.3.3
113 silly idealTree:prePrune ├── formidable@1.2.1
113 silly idealTree:prePrune ├── forwarded@0.1.2
113 silly idealTree:prePrune ├── fresh@0.5.2
113 silly idealTree:prePrune ├── fs.realpath@1.0.0
113 silly idealTree:prePrune ├── function-bind@1.1.1
113 silly idealTree:prePrune ├── get-caller-file@2.0.5
113 silly idealTree:prePrune ├── get-func-name@2.0.0
113 silly idealTree:prePrune ├── get-stream@4.1.0
113 silly idealTree:prePrune ├── glob@7.1.3
113 silly idealTree:prePrune ├── growl@1.10.5
113 silly idealTree:prePrune ├─┬ handlebars@4.1.2
113 silly idealTree:prePrune │ └── source-map@0.6.1
113 silly idealTree:prePrune ├── has-flag@3.0.0
113 silly idealTree:prePrune ├── has-symbols@1.0.0
113 silly idealTree:prePrune ├── has@1.0.3
113 silly idealTree:prePrune ├── he@1.2.0
113 silly idealTree:prePrune ├── http-errors@1.7.2
113 silly idealTree:prePrune ├── iconv-lite@0.4.24
113 silly idealTree:prePrune ├── inflight@1.0.6
113 silly idealTree:prePrune ├── inherits@2.0.3
113 silly idealTree:prePrune ├── invert-kv@2.0.0
113 silly idealTree:prePrune ├── ip-regex@2.1.0
113 silly idealTree:prePrune ├── ipaddr.js@1.9.0
113 silly idealTree:prePrune ├── is-buffer@2.0.3
113 silly idealTree:prePrune ├── is-callable@1.1.4
113 silly idealTree:prePrune ├── is-date-object@1.0.1
113 silly idealTree:prePrune ├── is-fullwidth-code-point@2.0.0
113 silly idealTree:prePrune ├── is-ip@2.0.0
113 silly idealTree:prePrune ├── is-regex@1.0.4
113 silly idealTree:prePrune ├── is-stream@1.1.0
113 silly idealTree:prePrune ├── is-symbol@1.0.2
113 silly idealTree:prePrune ├── isarray@1.0.0
113 silly idealTree:prePrune ├── isexe@2.0.0
113 silly idealTree:prePrune ├─┬ istanbul@0.4.5
113 silly idealTree:prePrune │ ├── async@1.5.2
113 silly idealTree:prePrune │ ├── esprima@2.7.3
113 silly idealTree:prePrune │ ├── glob@5.0.15
113 silly idealTree:prePrune │ ├── has-flag@1.0.0
113 silly idealTree:prePrune │ └── supports-color@3.2.3
113 silly idealTree:prePrune ├── js-yaml@3.13.1
113 silly idealTree:prePrune ├── kareem@2.3.0
113 silly idealTree:prePrune ├── lcid@2.0.0
113 silly idealTree:prePrune ├── levn@0.3.0
113 silly idealTree:prePrune ├── locate-path@3.0.0
113 silly idealTree:prePrune ├── lodash@4.17.11
113 silly idealTree:prePrune ├── log-symbols@2.2.0
113 silly idealTree:prePrune ├── map-age-cleaner@0.1.3
113 silly idealTree:prePrune ├── media-typer@0.3.0
113 silly idealTree:prePrune ├── mem@4.3.0
113 silly idealTree:prePrune ├── memory-pager@1.5.0
113 silly idealTree:prePrune ├── merge-descriptors@1.0.1
113 silly idealTree:prePrune ├── methods@1.1.2
113 silly idealTree:prePrune ├── mime-db@1.40.0
113 silly idealTree:prePrune ├── mime-types@2.1.24
113 silly idealTree:prePrune ├── mime@1.4.1
113 silly idealTree:prePrune ├── mimic-fn@2.1.0
113 silly idealTree:prePrune ├── minimatch@3.0.4
113 silly idealTree:prePrune ├── minimist@0.0.8
113 silly idealTree:prePrune ├── mkdirp@0.5.1
113 silly idealTree:prePrune ├─┬ mocha@6.1.4
113 silly idealTree:prePrune │ ├── debug@3.2.6
113 silly idealTree:prePrune │ └── ms@2.1.1
113 silly idealTree:prePrune ├── mongodb-core@3.2.4
113 silly idealTree:prePrune ├── mongodb@3.2.4
113 silly idealTree:prePrune ├── mongoose-legacy-pluralize@1.0.2
113 silly idealTree:prePrune ├─┬ mongoose@5.5.7
113 silly idealTree:prePrune │ ├── mongodb-core@3.2.3
113 silly idealTree:prePrune │ ├── mongodb@3.2.3
113 silly idealTree:prePrune │ └── ms@2.1.1
113 silly idealTree:prePrune ├── morgan@1.9.1
113 silly idealTree:prePrune ├── mpath@0.6.0
113 silly idealTree:prePrune ├─┬ mquery@3.2.0
113 silly idealTree:prePrune │ └── debug@3.1.0
113 silly idealTree:prePrune ├── ms@2.0.0
113 silly idealTree:prePrune ├── negotiator@0.6.2
113 silly idealTree:prePrune ├── neo-async@2.6.1
113 silly idealTree:prePrune ├── nice-try@1.0.5
113 silly idealTree:prePrune ├── node-bin-setup@1.0.6
113 silly idealTree:prePrune ├── node-environment-flags@1.0.5
113 silly idealTree:prePrune ├── node@12.2.0
113 silly idealTree:prePrune ├── nopt@3.0.6
113 silly idealTree:prePrune ├── npm-run-path@2.0.2
113 silly idealTree:prePrune ├── number-is-nan@1.0.1
113 silly idealTree:prePrune ├── object-keys@1.1.1
113 silly idealTree:prePrune ├── object.assign@4.1.0
113 silly idealTree:prePrune ├── object.getownpropertydescriptors@2.0.3
113 silly idealTree:prePrune ├── on-finished@2.3.0
113 silly idealTree:prePrune ├── on-headers@1.0.2
113 silly idealTree:prePrune ├── once@1.4.0
113 silly idealTree:prePrune ├─┬ optimist@0.6.1
113 silly idealTree:prePrune │ └── wordwrap@0.0.3
113 silly idealTree:prePrune ├── optionator@0.8.2
113 silly idealTree:prePrune ├── os-locale@3.1.0
113 silly idealTree:prePrune ├── p-defer@1.0.0
113 silly idealTree:prePrune ├── p-finally@1.0.0
113 silly idealTree:prePrune ├── p-is-promise@2.1.0
113 silly idealTree:prePrune ├── p-limit@2.2.0
113 silly idealTree:prePrune ├── p-locate@3.0.0
113 silly idealTree:prePrune ├── p-try@2.2.0
113 silly idealTree:prePrune ├── parseurl@1.3.3
113 silly idealTree:prePrune ├── path-exists@3.0.0
113 silly idealTree:prePrune ├── path-is-absolute@1.0.1
113 silly idealTree:prePrune ├── path-key@2.0.1
113 silly idealTree:prePrune ├── path-to-regexp@0.1.7
113 silly idealTree:prePrune ├── pathval@1.1.0
113 silly idealTree:prePrune ├── prelude-ls@1.1.2
113 silly idealTree:prePrune ├── process-nextick-args@2.0.0
113 silly idealTree:prePrune ├── proxy-addr@2.0.5
113 silly idealTree:prePrune ├── pump@3.0.0
113 silly idealTree:prePrune ├── qs@6.7.0
113 silly idealTree:prePrune ├── range-parser@1.2.1
113 silly idealTree:prePrune ├── raw-body@2.4.0
113 silly idealTree:prePrune ├── readable-stream@2.3.6
113 silly idealTree:prePrune ├── regexp-clone@0.0.1
113 silly idealTree:prePrune ├── require_optional@1.0.1
113 silly idealTree:prePrune ├── require-directory@2.1.1
113 silly idealTree:prePrune ├── require-main-filename@2.0.0
113 silly idealTree:prePrune ├── resolve-from@2.0.0
113 silly idealTree:prePrune ├── resolve@1.1.7
113 silly idealTree:prePrune ├─┬ router@1.3.3
113 silly idealTree:prePrune │ ├── array-flatten@2.1.1
113 silly idealTree:prePrune │ └── setprototypeof@1.1.0
113 silly idealTree:prePrune ├── safe-buffer@5.1.2
113 silly idealTree:prePrune ├── safer-buffer@2.1.2
113 silly idealTree:prePrune ├── saslprep@1.0.3
113 silly idealTree:prePrune ├── semver@5.7.0
113 silly idealTree:prePrune ├─┬ send@0.16.2
113 silly idealTree:prePrune │ ├── http-errors@1.6.3
113 silly idealTree:prePrune │ ├── setprototypeof@1.1.0
113 silly idealTree:prePrune │ └── statuses@1.4.0
113 silly idealTree:prePrune ├── serve-static@1.13.2
113 silly idealTree:prePrune ├── set-blocking@2.0.0
113 silly idealTree:prePrune ├── setprototypeof@1.1.1
113 silly idealTree:prePrune ├── shebang-command@1.2.0
113 silly idealTree:prePrune ├── shebang-regex@1.0.0
113 silly idealTree:prePrune ├── sift@7.0.1
113 silly idealTree:prePrune ├── signal-exit@3.0.2
113 silly idealTree:prePrune ├── sliced@1.0.1
113 silly idealTree:prePrune ├── source-map@0.2.0
113 silly idealTree:prePrune ├── sparse-bitfield@3.0.3
113 silly idealTree:prePrune ├── sprintf-js@1.0.3
113 silly idealTree:prePrune ├── statuses@1.5.0
113 silly idealTree:prePrune ├── string_decoder@1.1.1
113 silly idealTree:prePrune ├── string-width@2.1.1
113 silly idealTree:prePrune ├── strip-ansi@4.0.0
113 silly idealTree:prePrune ├── strip-eof@1.0.0
113 silly idealTree:prePrune ├── strip-json-comments@2.0.1
113 silly idealTree:prePrune ├─┬ superagent@3.8.3
113 silly idealTree:prePrune │ ├── debug@3.2.6
113 silly idealTree:prePrune │ └── ms@2.1.1
113 silly idealTree:prePrune ├── supports-color@6.0.0
113 silly idealTree:prePrune ├── toidentifier@1.0.0
113 silly idealTree:prePrune ├── type-check@0.3.2
113 silly idealTree:prePrune ├── type-detect@4.0.8
113 silly idealTree:prePrune ├── type-is@1.6.18
113 silly idealTree:prePrune ├─┬ uglify-js@3.5.12
113 silly idealTree:prePrune │ └── source-map@0.6.1
113 silly idealTree:prePrune ├── unpipe@1.0.0
113 silly idealTree:prePrune ├── util-deprecate@1.0.2
113 silly idealTree:prePrune ├── utils-merge@1.0.1
113 silly idealTree:prePrune ├── validator@10.11.0
113 silly idealTree:prePrune ├── vary@1.1.2
113 silly idealTree:prePrune ├── which-module@2.0.0
113 silly idealTree:prePrune ├── which@1.3.1
113 silly idealTree:prePrune ├── wide-align@1.1.3
113 silly idealTree:prePrune ├── wordwrap@1.0.0
113 silly idealTree:prePrune ├─┬ wrap-ansi@2.1.0
113 silly idealTree:prePrune │ ├── ansi-regex@2.1.1
113 silly idealTree:prePrune │ ├── is-fullwidth-code-point@1.0.0
113 silly idealTree:prePrune │ ├── string-width@1.0.2
113 silly idealTree:prePrune │ └── strip-ansi@3.0.1
113 silly idealTree:prePrune ├── wrappy@1.0.2
113 silly idealTree:prePrune ├── y18n@4.0.0
113 silly idealTree:prePrune ├── yargs-parser@13.0.0
113 silly idealTree:prePrune ├─┬ yargs-unparser@1.5.0
113 silly idealTree:prePrune │ ├── get-caller-file@1.0.3
113 silly idealTree:prePrune │ ├── require-main-filename@1.0.1
113 silly idealTree:prePrune │ ├── yargs-parser@11.1.1
113 silly idealTree:prePrune │ └── yargs@12.0.5
113 silly idealTree:prePrune └─┬ yargs@13.2.2
113 silly idealTree:prePrune   ├── ansi-regex@4.1.0
113 silly idealTree:prePrune   ├── string-width@3.1.0
113 silly idealTree:prePrune   └── strip-ansi@5.2.0
114 silly loadIdealTree Finishing
115 silly currentTree stevejobs-versioning-1@1.0.0
115 silly currentTree ├── @types/chai@4.1.7
115 silly currentTree ├── @types/cookiejar@2.1.1
115 silly currentTree ├── @types/node@12.0.1
115 silly currentTree ├── @types/superagent@3.8.7
115 silly currentTree ├── abbrev@1.0.9
115 silly currentTree ├── accepts@1.3.7
115 silly currentTree ├── amdefine@1.0.1
115 silly currentTree ├── ansi-colors@3.2.3
115 silly currentTree ├── ansi-regex@3.0.0
115 silly currentTree ├── ansi-styles@3.2.1
115 silly currentTree ├── argparse@1.0.10
115 silly currentTree ├── array-flatten@1.1.1
115 silly currentTree ├── assertion-error@1.1.0
115 silly currentTree ├── async@2.6.1
115 silly currentTree ├── asynckit@0.4.0
115 silly currentTree ├── balanced-match@1.0.0
115 silly currentTree ├── basic-auth@2.0.1
115 silly currentTree ├── bluebird@3.5.1
115 silly currentTree ├── body-parser@1.19.0
115 silly currentTree ├── brace-expansion@1.1.11
115 silly currentTree ├── browser-stdout@1.3.1
115 silly currentTree ├── bson@1.1.1
115 silly currentTree ├── bytes@3.1.0
115 silly currentTree ├── camelcase@5.3.1
115 silly currentTree ├── chai-http@4.3.0
115 silly currentTree ├── chai@4.2.0
115 silly currentTree ├─┬ chalk@2.4.2
115 silly currentTree │ └── supports-color@5.5.0
115 silly currentTree ├── check-error@1.0.2
115 silly currentTree ├── check@1.0.0
115 silly currentTree ├── cliui@4.1.0
115 silly currentTree ├── code-point-at@1.1.0
115 silly currentTree ├── color-convert@1.9.3
115 silly currentTree ├── color-name@1.1.3
115 silly currentTree ├── combined-stream@1.0.8
115 silly currentTree ├── commander@2.20.0
115 silly currentTree ├── component-emitter@1.3.0
115 silly currentTree ├── concat-map@0.0.1
115 silly currentTree ├── content-disposition@0.5.2
115 silly currentTree ├── content-type@1.0.4
115 silly currentTree ├── cookie-signature@1.0.6
115 silly currentTree ├── cookie@0.3.1
115 silly currentTree ├── cookiejar@2.1.2
115 silly currentTree ├── core-util-is@1.0.2
115 silly currentTree ├── cross-spawn@6.0.5
115 silly currentTree ├── debug@2.6.9
115 silly currentTree ├── decamelize@1.2.0
115 silly currentTree ├── deep-eql@3.0.1
115 silly currentTree ├── deep-is@0.1.3
115 silly currentTree ├── define-properties@1.1.3
115 silly currentTree ├── delayed-stream@1.0.0
115 silly currentTree ├── depd@1.1.2
115 silly currentTree ├── destroy@1.0.4
115 silly currentTree ├── diff@3.5.0
115 silly currentTree ├── ee-first@1.1.1
115 silly currentTree ├── emoji-regex@7.0.3
115 silly currentTree ├── encodeurl@1.0.2
115 silly currentTree ├── end-of-stream@1.4.1
115 silly currentTree ├── es-abstract@1.13.0
115 silly currentTree ├── es-to-primitive@1.2.0
115 silly currentTree ├── escape-html@1.0.3
115 silly currentTree ├── escape-string-regexp@1.0.5
115 silly currentTree ├─┬ escodegen@1.8.1
115 silly currentTree │ └── esprima@2.7.3
115 silly currentTree ├── esprima@4.0.1
115 silly currentTree ├── estraverse@1.9.3
115 silly currentTree ├── esutils@2.0.2
115 silly currentTree ├── etag@1.8.1
115 silly currentTree ├── execa@1.0.0
115 silly currentTree ├── express-validator@5.3.1
115 silly currentTree ├─┬ express@4.16.4
115 silly currentTree │ ├── body-parser@1.18.3
115 silly currentTree │ ├── bytes@3.0.0
115 silly currentTree │ ├── http-errors@1.6.3
115 silly currentTree │ ├── iconv-lite@0.4.23
115 silly currentTree │ ├── qs@6.5.2
115 silly currentTree │ ├── raw-body@2.3.3
115 silly currentTree │ ├── setprototypeof@1.1.0
115 silly currentTree │ └── statuses@1.4.0
115 silly currentTree ├── extend@3.0.2
115 silly currentTree ├── fast-levenshtein@2.0.6
115 silly currentTree ├─┬ finalhandler@1.1.1
115 silly currentTree │ └── statuses@1.4.0
115 silly currentTree ├── find-up@3.0.0
115 silly currentTree ├── flat@4.1.0
115 silly currentTree ├── form-data@2.3.3
115 silly currentTree ├── formidable@1.2.1
115 silly currentTree ├── forwarded@0.1.2
115 silly currentTree ├── fresh@0.5.2
115 silly currentTree ├── fs.realpath@1.0.0
115 silly currentTree ├── function-bind@1.1.1
115 silly currentTree ├── get-caller-file@2.0.5
115 silly currentTree ├── get-func-name@2.0.0
115 silly currentTree ├── get-stream@4.1.0
115 silly currentTree ├── glob@7.1.3
115 silly currentTree ├── growl@1.10.5
115 silly currentTree ├─┬ handlebars@4.1.2
115 silly currentTree │ └── source-map@0.6.1
115 silly currentTree ├── has-flag@3.0.0
115 silly currentTree ├── has-symbols@1.0.0
115 silly currentTree ├── has@1.0.3
115 silly currentTree ├── he@1.2.0
115 silly currentTree ├── http-errors@1.7.2
115 silly currentTree ├── iconv-lite@0.4.24
115 silly currentTree ├── inflight@1.0.6
115 silly currentTree ├── inherits@2.0.3
115 silly currentTree ├── invert-kv@2.0.0
115 silly currentTree ├── ip-regex@2.1.0
115 silly currentTree ├── ipaddr.js@1.9.0
115 silly currentTree ├── is-buffer@2.0.3
115 silly currentTree ├── is-callable@1.1.4
115 silly currentTree ├── is-date-object@1.0.1
115 silly currentTree ├── is-fullwidth-code-point@2.0.0
115 silly currentTree ├── is-ip@2.0.0
115 silly currentTree ├── is-regex@1.0.4
115 silly currentTree ├── is-stream@1.1.0
115 silly currentTree ├── is-symbol@1.0.2
115 silly currentTree ├── isarray@1.0.0
115 silly currentTree ├── isexe@2.0.0
115 silly currentTree ├─┬ istanbul@0.4.5
115 silly currentTree │ ├── async@1.5.2
115 silly currentTree │ ├── esprima@2.7.3
115 silly currentTree │ ├── glob@5.0.15
115 silly currentTree │ ├── has-flag@1.0.0
115 silly currentTree │ └── supports-color@3.2.3
115 silly currentTree ├── js-yaml@3.13.1
115 silly currentTree ├── kareem@2.3.0
115 silly currentTree ├── lcid@2.0.0
115 silly currentTree ├── levn@0.3.0
115 silly currentTree ├── locate-path@3.0.0
115 silly currentTree ├── lodash@4.17.11
115 silly currentTree ├── log-symbols@2.2.0
115 silly currentTree ├── map-age-cleaner@0.1.3
115 silly currentTree ├── media-typer@0.3.0
115 silly currentTree ├── mem@4.3.0
115 silly currentTree ├── memory-pager@1.5.0
115 silly currentTree ├── merge-descriptors@1.0.1
115 silly currentTree ├── methods@1.1.2
115 silly currentTree ├── mime-db@1.40.0
115 silly currentTree ├── mime-types@2.1.24
115 silly currentTree ├── mime@1.4.1
115 silly currentTree ├── mimic-fn@2.1.0
115 silly currentTree ├── minimatch@3.0.4
115 silly currentTree ├── minimist@0.0.8
115 silly currentTree ├── mkdirp@0.5.1
115 silly currentTree ├─┬ mocha@6.1.4
115 silly currentTree │ ├── debug@3.2.6
115 silly currentTree │ └── ms@2.1.1
115 silly currentTree ├── mongodb-core@3.2.4
115 silly currentTree ├── mongodb@3.2.4
115 silly currentTree ├── mongoose-legacy-pluralize@1.0.2
115 silly currentTree ├─┬ mongoose@5.5.7
115 silly currentTree │ ├── mongodb-core@3.2.3
115 silly currentTree │ ├── mongodb@3.2.3
115 silly currentTree │ └── ms@2.1.1
115 silly currentTree ├── morgan@1.9.1
115 silly currentTree ├── mpath@0.6.0
115 silly currentTree ├─┬ mquery@3.2.0
115 silly currentTree │ └── debug@3.1.0
115 silly currentTree ├── ms@2.0.0
115 silly currentTree ├── negotiator@0.6.2
115 silly currentTree ├── neo-async@2.6.1
115 silly currentTree ├── nice-try@1.0.5
115 silly currentTree ├── node-environment-flags@1.0.5
115 silly currentTree ├── nopt@3.0.6
115 silly currentTree ├── npm-run-path@2.0.2
115 silly currentTree ├── number-is-nan@1.0.1
115 silly currentTree ├── object-keys@1.1.1
115 silly currentTree ├── object.assign@4.1.0
115 silly currentTree ├── object.getownpropertydescriptors@2.0.3
115 silly currentTree ├── on-finished@2.3.0
115 silly currentTree ├── on-headers@1.0.2
115 silly currentTree ├── once@1.4.0
115 silly currentTree ├─┬ optimist@0.6.1
115 silly currentTree │ └── wordwrap@0.0.3
115 silly currentTree ├── optionator@0.8.2
115 silly currentTree ├── os-locale@3.1.0
115 silly currentTree ├── p-defer@1.0.0
115 silly currentTree ├── p-finally@1.0.0
115 silly currentTree ├── p-is-promise@2.1.0
115 silly currentTree ├── p-limit@2.2.0
115 silly currentTree ├── p-locate@3.0.0
115 silly currentTree ├── p-try@2.2.0
115 silly currentTree ├── parseurl@1.3.3
115 silly currentTree ├── path-exists@3.0.0
115 silly currentTree ├── path-is-absolute@1.0.1
115 silly currentTree ├── path-key@2.0.1
115 silly currentTree ├── path-to-regexp@0.1.7
115 silly currentTree ├── pathval@1.1.0
115 silly currentTree ├── prelude-ls@1.1.2
115 silly currentTree ├── process-nextick-args@2.0.0
115 silly currentTree ├── proxy-addr@2.0.5
115 silly currentTree ├── pump@3.0.0
115 silly currentTree ├── qs@6.7.0
115 silly currentTree ├── range-parser@1.2.1
115 silly currentTree ├── raw-body@2.4.0
115 silly currentTree ├── readable-stream@2.3.6
115 silly currentTree ├── regexp-clone@0.0.1
115 silly currentTree ├── require_optional@1.0.1
115 silly currentTree ├── require-directory@2.1.1
115 silly currentTree ├── require-main-filename@2.0.0
115 silly currentTree ├── resolve-from@2.0.0
115 silly currentTree ├── resolve@1.1.7
115 silly currentTree ├─┬ router@1.3.3
115 silly currentTree │ ├── array-flatten@2.1.1
115 silly currentTree │ └── setprototypeof@1.1.0
115 silly currentTree ├── safe-buffer@5.1.2
115 silly currentTree ├── safer-buffer@2.1.2
115 silly currentTree ├── saslprep@1.0.3
115 silly currentTree ├── semver@5.7.0
115 silly currentTree ├─┬ send@0.16.2
115 silly currentTree │ ├── http-errors@1.6.3
115 silly currentTree │ ├── setprototypeof@1.1.0
115 silly currentTree │ └── statuses@1.4.0
115 silly currentTree ├── serve-static@1.13.2
115 silly currentTree ├── set-blocking@2.0.0
115 silly currentTree ├── setprototypeof@1.1.1
115 silly currentTree ├── shebang-command@1.2.0
115 silly currentTree ├── shebang-regex@1.0.0
115 silly currentTree ├── sift@7.0.1
115 silly currentTree ├── signal-exit@3.0.2
115 silly currentTree ├── sliced@1.0.1
115 silly currentTree ├── source-map@0.2.0
115 silly currentTree ├── sparse-bitfield@3.0.3
115 silly currentTree ├── sprintf-js@1.0.3
115 silly currentTree ├── statuses@1.5.0
115 silly currentTree ├── string_decoder@1.1.1
115 silly currentTree ├── string-width@2.1.1
115 silly currentTree ├── strip-ansi@4.0.0
115 silly currentTree ├── strip-eof@1.0.0
115 silly currentTree ├── strip-json-comments@2.0.1
115 silly currentTree ├─┬ superagent@3.8.3
115 silly currentTree │ ├── debug@3.2.6
115 silly currentTree │ └── ms@2.1.1
115 silly currentTree ├── supports-color@6.0.0
115 silly currentTree ├── toidentifier@1.0.0
115 silly currentTree ├── type-check@0.3.2
115 silly currentTree ├── type-detect@4.0.8
115 silly currentTree ├── type-is@1.6.18
115 silly currentTree ├─┬ uglify-js@3.5.12
115 silly currentTree │ └── source-map@0.6.1
115 silly currentTree ├── unpipe@1.0.0
115 silly currentTree ├── util-deprecate@1.0.2
115 silly currentTree ├── utils-merge@1.0.1
115 silly currentTree ├── validator@10.11.0
115 silly currentTree ├── vary@1.1.2
115 silly currentTree ├── which-module@2.0.0
115 silly currentTree ├── which@1.3.1
115 silly currentTree ├── wide-align@1.1.3
115 silly currentTree ├── wordwrap@1.0.0
115 silly currentTree ├─┬ wrap-ansi@2.1.0
115 silly currentTree │ ├── ansi-regex@2.1.1
115 silly currentTree │ ├── is-fullwidth-code-point@1.0.0
115 silly currentTree │ ├── string-width@1.0.2
115 silly currentTree │ └── strip-ansi@3.0.1
115 silly currentTree ├── wrappy@1.0.2
115 silly currentTree ├── y18n@4.0.0
115 silly currentTree ├── yargs-parser@13.0.0
115 silly currentTree ├─┬ yargs-unparser@1.5.0
115 silly currentTree │ ├── get-caller-file@1.0.3
115 silly currentTree │ ├── require-main-filename@1.0.1
115 silly currentTree │ ├── yargs-parser@11.1.1
115 silly currentTree │ └── yargs@12.0.5
115 silly currentTree └─┬ yargs@13.2.2
115 silly currentTree   ├── ansi-regex@4.1.0
115 silly currentTree   ├── string-width@3.1.0
115 silly currentTree   └── strip-ansi@5.2.0
116 silly idealTree stevejobs-versioning-1@1.0.0
116 silly idealTree ├── @types/chai@4.1.7
116 silly idealTree ├── @types/cookiejar@2.1.1
116 silly idealTree ├── @types/node@12.0.1
116 silly idealTree ├── @types/superagent@3.8.7
116 silly idealTree ├── abbrev@1.0.9
116 silly idealTree ├── accepts@1.3.7
116 silly idealTree ├── amdefine@1.0.1
116 silly idealTree ├── ansi-colors@3.2.3
116 silly idealTree ├── ansi-regex@3.0.0
116 silly idealTree ├── ansi-styles@3.2.1
116 silly idealTree ├── argparse@1.0.10
116 silly idealTree ├── array-flatten@1.1.1
116 silly idealTree ├── assertion-error@1.1.0
116 silly idealTree ├── async@2.6.1
116 silly idealTree ├── asynckit@0.4.0
116 silly idealTree ├── balanced-match@1.0.0
116 silly idealTree ├── basic-auth@2.0.1
116 silly idealTree ├── bluebird@3.5.1
116 silly idealTree ├── body-parser@1.19.0
116 silly idealTree ├── brace-expansion@1.1.11
116 silly idealTree ├── browser-stdout@1.3.1
116 silly idealTree ├── bson@1.1.1
116 silly idealTree ├── bytes@3.1.0
116 silly idealTree ├── camelcase@5.3.1
116 silly idealTree ├── chai-http@4.3.0
116 silly idealTree ├── chai@4.2.0
116 silly idealTree ├─┬ chalk@2.4.2
116 silly idealTree │ └── supports-color@5.5.0
116 silly idealTree ├── check-error@1.0.2
116 silly idealTree ├── check@1.0.0
116 silly idealTree ├── cliui@4.1.0
116 silly idealTree ├── code-point-at@1.1.0
116 silly idealTree ├── color-convert@1.9.3
116 silly idealTree ├── color-name@1.1.3
116 silly idealTree ├── combined-stream@1.0.8
116 silly idealTree ├── commander@2.20.0
116 silly idealTree ├── component-emitter@1.3.0
116 silly idealTree ├── concat-map@0.0.1
116 silly idealTree ├── content-disposition@0.5.2
116 silly idealTree ├── content-type@1.0.4
116 silly idealTree ├── cookie-signature@1.0.6
116 silly idealTree ├── cookie@0.3.1
116 silly idealTree ├── cookiejar@2.1.2
116 silly idealTree ├── core-util-is@1.0.2
116 silly idealTree ├── cross-spawn@6.0.5
116 silly idealTree ├── debug@2.6.9
116 silly idealTree ├── decamelize@1.2.0
116 silly idealTree ├── deep-eql@3.0.1
116 silly idealTree ├── deep-is@0.1.3
116 silly idealTree ├── define-properties@1.1.3
116 silly idealTree ├── delayed-stream@1.0.0
116 silly idealTree ├── depd@1.1.2
116 silly idealTree ├── destroy@1.0.4
116 silly idealTree ├── diff@3.5.0
116 silly idealTree ├── ee-first@1.1.1
116 silly idealTree ├── emoji-regex@7.0.3
116 silly idealTree ├── encodeurl@1.0.2
116 silly idealTree ├── end-of-stream@1.4.1
116 silly idealTree ├── es-abstract@1.13.0
116 silly idealTree ├── es-to-primitive@1.2.0
116 silly idealTree ├── escape-html@1.0.3
116 silly idealTree ├── escape-string-regexp@1.0.5
116 silly idealTree ├─┬ escodegen@1.8.1
116 silly idealTree │ └── esprima@2.7.3
116 silly idealTree ├── esprima@4.0.1
116 silly idealTree ├── estraverse@1.9.3
116 silly idealTree ├── esutils@2.0.2
116 silly idealTree ├── etag@1.8.1
116 silly idealTree ├── execa@1.0.0
116 silly idealTree ├── express-validator@5.3.1
116 silly idealTree ├─┬ express@4.16.4
116 silly idealTree │ ├── body-parser@1.18.3
116 silly idealTree │ ├── bytes@3.0.0
116 silly idealTree │ ├── http-errors@1.6.3
116 silly idealTree │ ├── iconv-lite@0.4.23
116 silly idealTree │ ├── qs@6.5.2
116 silly idealTree │ ├── raw-body@2.3.3
116 silly idealTree │ ├── setprototypeof@1.1.0
116 silly idealTree │ └── statuses@1.4.0
116 silly idealTree ├── extend@3.0.2
116 silly idealTree ├── fast-levenshtein@2.0.6
116 silly idealTree ├─┬ finalhandler@1.1.1
116 silly idealTree │ └── statuses@1.4.0
116 silly idealTree ├── find-up@3.0.0
116 silly idealTree ├── flat@4.1.0
116 silly idealTree ├── form-data@2.3.3
116 silly idealTree ├── formidable@1.2.1
116 silly idealTree ├── forwarded@0.1.2
116 silly idealTree ├── fresh@0.5.2
116 silly idealTree ├── fs.realpath@1.0.0
116 silly idealTree ├── function-bind@1.1.1
116 silly idealTree ├── get-caller-file@2.0.5
116 silly idealTree ├── get-func-name@2.0.0
116 silly idealTree ├── get-stream@4.1.0
116 silly idealTree ├── glob@7.1.3
116 silly idealTree ├── growl@1.10.5
116 silly idealTree ├─┬ handlebars@4.1.2
116 silly idealTree │ └── source-map@0.6.1
116 silly idealTree ├── has-flag@3.0.0
116 silly idealTree ├── has-symbols@1.0.0
116 silly idealTree ├── has@1.0.3
116 silly idealTree ├── he@1.2.0
116 silly idealTree ├── http-errors@1.7.2
116 silly idealTree ├── iconv-lite@0.4.24
116 silly idealTree ├── inflight@1.0.6
116 silly idealTree ├── inherits@2.0.3
116 silly idealTree ├── invert-kv@2.0.0
116 silly idealTree ├── ip-regex@2.1.0
116 silly idealTree ├── ipaddr.js@1.9.0
116 silly idealTree ├── is-buffer@2.0.3
116 silly idealTree ├── is-callable@1.1.4
116 silly idealTree ├── is-date-object@1.0.1
116 silly idealTree ├── is-fullwidth-code-point@2.0.0
116 silly idealTree ├── is-ip@2.0.0
116 silly idealTree ├── is-regex@1.0.4
116 silly idealTree ├── is-stream@1.1.0
116 silly idealTree ├── is-symbol@1.0.2
116 silly idealTree ├── isarray@1.0.0
116 silly idealTree ├── isexe@2.0.0
116 silly idealTree ├─┬ istanbul@0.4.5
116 silly idealTree │ ├── async@1.5.2
116 silly idealTree │ ├── esprima@2.7.3
116 silly idealTree │ ├── glob@5.0.15
116 silly idealTree │ ├── has-flag@1.0.0
116 silly idealTree │ └── supports-color@3.2.3
116 silly idealTree ├── js-yaml@3.13.1
116 silly idealTree ├── kareem@2.3.0
116 silly idealTree ├── lcid@2.0.0
116 silly idealTree ├── levn@0.3.0
116 silly idealTree ├── locate-path@3.0.0
116 silly idealTree ├── lodash@4.17.11
116 silly idealTree ├── log-symbols@2.2.0
116 silly idealTree ├── map-age-cleaner@0.1.3
116 silly idealTree ├── media-typer@0.3.0
116 silly idealTree ├── mem@4.3.0
116 silly idealTree ├── memory-pager@1.5.0
116 silly idealTree ├── merge-descriptors@1.0.1
116 silly idealTree ├── methods@1.1.2
116 silly idealTree ├── mime-db@1.40.0
116 silly idealTree ├── mime-types@2.1.24
116 silly idealTree ├── mime@1.4.1
116 silly idealTree ├── mimic-fn@2.1.0
116 silly idealTree ├── minimatch@3.0.4
116 silly idealTree ├── minimist@0.0.8
116 silly idealTree ├── mkdirp@0.5.1
116 silly idealTree ├─┬ mocha@6.1.4
116 silly idealTree │ ├── debug@3.2.6
116 silly idealTree │ └── ms@2.1.1
116 silly idealTree ├── mongodb-core@3.2.4
116 silly idealTree ├── mongodb@3.2.4
116 silly idealTree ├── mongoose-legacy-pluralize@1.0.2
116 silly idealTree ├─┬ mongoose@5.5.7
116 silly idealTree │ ├── mongodb-core@3.2.3
116 silly idealTree │ ├── mongodb@3.2.3
116 silly idealTree │ └── ms@2.1.1
116 silly idealTree ├── morgan@1.9.1
116 silly idealTree ├── mpath@0.6.0
116 silly idealTree ├─┬ mquery@3.2.0
116 silly idealTree │ └── debug@3.1.0
116 silly idealTree ├── ms@2.0.0
116 silly idealTree ├── negotiator@0.6.2
116 silly idealTree ├── neo-async@2.6.1
116 silly idealTree ├── nice-try@1.0.5
116 silly idealTree ├── node-bin-setup@1.0.6
116 silly idealTree ├── node-environment-flags@1.0.5
116 silly idealTree ├── node@12.2.0
116 silly idealTree ├── nopt@3.0.6
116 silly idealTree ├── npm-run-path@2.0.2
116 silly idealTree ├── number-is-nan@1.0.1
116 silly idealTree ├── object-keys@1.1.1
116 silly idealTree ├── object.assign@4.1.0
116 silly idealTree ├── object.getownpropertydescriptors@2.0.3
116 silly idealTree ├── on-finished@2.3.0
116 silly idealTree ├── on-headers@1.0.2
116 silly idealTree ├── once@1.4.0
116 silly idealTree ├─┬ optimist@0.6.1
116 silly idealTree │ └── wordwrap@0.0.3
116 silly idealTree ├── optionator@0.8.2
116 silly idealTree ├── os-locale@3.1.0
116 silly idealTree ├── p-defer@1.0.0
116 silly idealTree ├── p-finally@1.0.0
116 silly idealTree ├── p-is-promise@2.1.0
116 silly idealTree ├── p-limit@2.2.0
116 silly idealTree ├── p-locate@3.0.0
116 silly idealTree ├── p-try@2.2.0
116 silly idealTree ├── parseurl@1.3.3
116 silly idealTree ├── path-exists@3.0.0
116 silly idealTree ├── path-is-absolute@1.0.1
116 silly idealTree ├── path-key@2.0.1
116 silly idealTree ├── path-to-regexp@0.1.7
116 silly idealTree ├── pathval@1.1.0
116 silly idealTree ├── prelude-ls@1.1.2
116 silly idealTree ├── process-nextick-args@2.0.0
116 silly idealTree ├── proxy-addr@2.0.5
116 silly idealTree ├── pump@3.0.0
116 silly idealTree ├── qs@6.7.0
116 silly idealTree ├── range-parser@1.2.1
116 silly idealTree ├── raw-body@2.4.0
116 silly idealTree ├── readable-stream@2.3.6
116 silly idealTree ├── regexp-clone@0.0.1
116 silly idealTree ├── require_optional@1.0.1
116 silly idealTree ├── require-directory@2.1.1
116 silly idealTree ├── require-main-filename@2.0.0
116 silly idealTree ├── resolve-from@2.0.0
116 silly idealTree ├── resolve@1.1.7
116 silly idealTree ├─┬ router@1.3.3
116 silly idealTree │ ├── array-flatten@2.1.1
116 silly idealTree │ └── setprototypeof@1.1.0
116 silly idealTree ├── safe-buffer@5.1.2
116 silly idealTree ├── safer-buffer@2.1.2
116 silly idealTree ├── saslprep@1.0.3
116 silly idealTree ├── semver@5.7.0
116 silly idealTree ├─┬ send@0.16.2
116 silly idealTree │ ├── http-errors@1.6.3
116 silly idealTree │ ├── setprototypeof@1.1.0
116 silly idealTree │ └── statuses@1.4.0
116 silly idealTree ├── serve-static@1.13.2
116 silly idealTree ├── set-blocking@2.0.0
116 silly idealTree ├── setprototypeof@1.1.1
116 silly idealTree ├── shebang-command@1.2.0
116 silly idealTree ├── shebang-regex@1.0.0
116 silly idealTree ├── sift@7.0.1
116 silly idealTree ├── signal-exit@3.0.2
116 silly idealTree ├── sliced@1.0.1
116 silly idealTree ├── source-map@0.2.0
116 silly idealTree ├── sparse-bitfield@3.0.3
116 silly idealTree ├── sprintf-js@1.0.3
116 silly idealTree ├── statuses@1.5.0
116 silly idealTree ├── string_decoder@1.1.1
116 silly idealTree ├── string-width@2.1.1
116 silly idealTree ├── strip-ansi@4.0.0
116 silly idealTree ├── strip-eof@1.0.0
116 silly idealTree ├── strip-json-comments@2.0.1
116 silly idealTree ├─┬ superagent@3.8.3
116 silly idealTree │ ├── debug@3.2.6
116 silly idealTree │ └── ms@2.1.1
116 silly idealTree ├── supports-color@6.0.0
116 silly idealTree ├── toidentifier@1.0.0
116 silly idealTree ├── type-check@0.3.2
116 silly idealTree ├── type-detect@4.0.8
116 silly idealTree ├── type-is@1.6.18
116 silly idealTree ├─┬ uglify-js@3.5.12
116 silly idealTree │ └── source-map@0.6.1
116 silly idealTree ├── unpipe@1.0.0
116 silly idealTree ├── util-deprecate@1.0.2
116 silly idealTree ├── utils-merge@1.0.1
116 silly idealTree ├── validator@10.11.0
116 silly idealTree ├── vary@1.1.2
116 silly idealTree ├── which-module@2.0.0
116 silly idealTree ├── which@1.3.1
116 silly idealTree ├── wide-align@1.1.3
116 silly idealTree ├── wordwrap@1.0.0
116 silly idealTree ├─┬ wrap-ansi@2.1.0
116 silly idealTree │ ├── ansi-regex@2.1.1
116 silly idealTree │ ├── is-fullwidth-code-point@1.0.0
116 silly idealTree │ ├── string-width@1.0.2
116 silly idealTree │ └── strip-ansi@3.0.1
116 silly idealTree ├── wrappy@1.0.2
116 silly idealTree ├── y18n@4.0.0
116 silly idealTree ├── yargs-parser@13.0.0
116 silly idealTree ├─┬ yargs-unparser@1.5.0
116 silly idealTree │ ├── get-caller-file@1.0.3
116 silly idealTree │ ├── require-main-filename@1.0.1
116 silly idealTree │ ├── yargs-parser@11.1.1
116 silly idealTree │ └── yargs@12.0.5
116 silly idealTree └─┬ yargs@13.2.2
116 silly idealTree   ├── ansi-regex@4.1.0
116 silly idealTree   ├── string-width@3.1.0
116 silly idealTree   └── strip-ansi@5.2.0
117 silly generateActionsToTake Starting
118 silly install generateActionsToTake
119 silly generateActionsToTake Finishing
120 silly diffTrees action count 2
121 silly diffTrees add node-bin-setup@1.0.6
122 silly diffTrees add node@12.2.0
123 silly decomposeActions action count 16
124 silly decomposeActions fetch node-bin-setup@1.0.6
125 silly decomposeActions extract node-bin-setup@1.0.6
126 silly decomposeActions test node-bin-setup@1.0.6
127 silly decomposeActions preinstall node-bin-setup@1.0.6
128 silly decomposeActions build node-bin-setup@1.0.6
129 silly decomposeActions install node-bin-setup@1.0.6
130 silly decomposeActions postinstall node-bin-setup@1.0.6
131 silly decomposeActions finalize node-bin-setup@1.0.6
132 silly decomposeActions fetch node@12.2.0
133 silly decomposeActions extract node@12.2.0
134 silly decomposeActions test node@12.2.0
135 silly decomposeActions preinstall node@12.2.0
136 silly decomposeActions build node@12.2.0
137 silly decomposeActions install node@12.2.0
138 silly decomposeActions postinstall node@12.2.0
139 silly decomposeActions finalize node@12.2.0
140 silly executeActions Starting
141 silly install executeActions
142 silly doSerial global-install 0
143 silly doParallel fetch 2
144 verbose lock using /home/vanbommel8/.npm/_locks/staging-7ba13ae46a68add5.lock for /mnt/c/Users/after/Desktop/stevejobs-versioning-1/node_modules/.staging
145 silly doParallel extract 2
146 silly extract node-bin-setup@1.0.6
147 silly extract node@12.2.0
148 verbose unbuild node_modules/.staging/node-bin-setup-5ed85c01
149 silly gentlyRm /mnt/c/Users/after/Desktop/stevejobs-versioning-1/node_modules/.staging/node-bin-setup-5ed85c01 is being purged from base /mnt/c/Users/after/Desktop/stevejobs-versioning-1
150 verbose gentlyRm don't care about contents; nuking /mnt/c/Users/after/Desktop/stevejobs-versioning-1/node_modules/.staging/node-bin-setup-5ed85c01
151 verbose unbuild node_modules/.staging/node-98902776
152 verbose tar unpack /home/vanbommel8/.npm/node-bin-setup/1.0.6/package.tgz
153 verbose tar unpacking to /mnt/c/Users/after/Desktop/stevejobs-versioning-1/node_modules/.staging/node-bin-setup-5ed85c01
154 silly gentlyRm /mnt/c/Users/after/Desktop/stevejobs-versioning-1/node_modules/.staging/node-bin-setup-5ed85c01 is being purged
155 verbose gentlyRm don't care about contents; nuking /mnt/c/Users/after/Desktop/stevejobs-versioning-1/node_modules/.staging/node-bin-setup-5ed85c01
156 silly gunzTarPerm modes [ '755', '644' ]
157 silly gentlyRm /mnt/c/Users/after/Desktop/stevejobs-versioning-1/node_modules/.staging/node-98902776 is being purged from base /mnt/c/Users/after/Desktop/stevejobs-versioning-1
158 verbose gentlyRm don't care about contents; nuking /mnt/c/Users/after/Desktop/stevejobs-versioning-1/node_modules/.staging/node-98902776
159 verbose tar unpack /home/vanbommel8/.npm/node/12.2.0/package.tgz
160 verbose tar unpacking to /mnt/c/Users/after/Desktop/stevejobs-versioning-1/node_modules/.staging/node-98902776
161 silly gentlyRm /mnt/c/Users/after/Desktop/stevejobs-versioning-1/node_modules/.staging/node-98902776 is being purged
162 verbose gentlyRm don't care about contents; nuking /mnt/c/Users/after/Desktop/stevejobs-versioning-1/node_modules/.staging/node-98902776
163 silly gunzTarPerm modes [ '755', '644' ]
164 silly gunzTarPerm extractEntry package.json
165 silly gunzTarPerm extractEntry package.json
166 silly gunzTarPerm extractEntry index.js
167 silly gunzTarPerm extractEntry installArchSpecificPackage.js
168 silly gunzTarPerm extractEntry README.md
169 silly gentlyRm /mnt/c/Users/after/Desktop/stevejobs-versioning-1/node_modules/.staging/node-bin-setup-5ed85c01/node_modules is being purged
170 verbose gentlyRm don't care about contents; nuking /mnt/c/Users/after/Desktop/stevejobs-versioning-1/node_modules/.staging/node-bin-setup-5ed85c01/node_modules
171 silly gentlyRm /mnt/c/Users/after/Desktop/stevejobs-versioning-1/node_modules/.staging/node-98902776/node_modules is being purged
172 verbose gentlyRm don't care about contents; nuking /mnt/c/Users/after/Desktop/stevejobs-versioning-1/node_modules/.staging/node-98902776/node_modules
173 silly doParallel preinstall 2
174 silly preinstall node-bin-setup@1.0.6 /mnt/c/Users/after/Desktop/stevejobs-versioning-1/node_modules/.staging/node-bin-setup-5ed85c01
175 info lifecycle node-bin-setup@1.0.6~preinstall: node-bin-setup@1.0.6
176 silly preinstall node@12.2.0 /mnt/c/Users/after/Desktop/stevejobs-versioning-1/node_modules/.staging/node-98902776
177 info lifecycle node@12.2.0~preinstall: node@12.2.0
178 silly lifecycle node-bin-setup@1.0.6~preinstall: no script for preinstall, continuing
179 warn lifecycle node@12.2.0~preinstall: cannot run in wd %s %s (wd=%s) node@12.2.0 node installArchSpecificPackage /mnt/c/Users/after/Desktop/stevejobs-versioning-1/node_modules/.staging/node-98902776
180 silly doReverseSerial remove 0
181 silly doSerial move 0
182 silly doSerial finalize 2
183 silly finalize /mnt/c/Users/after/Desktop/stevejobs-versioning-1/node_modules/node-bin-setup
184 silly finalize /mnt/c/Users/after/Desktop/stevejobs-versioning-1/node_modules/node
185 silly doSerial build 2
186 silly build node-bin-setup@1.0.6
187 info linkStuff node-bin-setup@1.0.6
188 silly linkStuff node-bin-setup@1.0.6 has /mnt/c/Users/after/Desktop/stevejobs-versioning-1/node_modules as its parent node_modules
189 verbose linkBins node-bin-setup@1.0.6
190 verbose linkMans node-bin-setup@1.0.6
191 silly build node@12.2.0
192 info linkStuff node@12.2.0
193 silly linkStuff node@12.2.0 has /mnt/c/Users/after/Desktop/stevejobs-versioning-1/node_modules as its parent node_modules
194 verbose linkBins node@12.2.0
195 verbose link bins [ { node: 'bin/node' },
195 verbose link bins   '/mnt/c/Users/after/Desktop/stevejobs-versioning-1/node_modules/.bin',
195 verbose link bins   false ]
196 verbose linkMans node@12.2.0
197 verbose unlock done using /home/vanbommel8/.npm/_locks/staging-7ba13ae46a68add5.lock for /mnt/c/Users/after/Desktop/stevejobs-versioning-1/node_modules/.staging
198 silly rollbackFailedOptional Starting
199 silly rollbackFailedOptional Finishing
200 silly runTopLevelLifecycles Starting
201 silly runTopLevelLifecycles Finishing
202 silly install printInstalled
203 verbose stack Error: ENOENT: no such file or directory, chmod '/mnt/c/Users/after/Desktop/stevejobs-versioning-1/node_modules/node/bin/node'
204 verbose cwd /mnt/c/Users/after/Desktop/stevejobs-versioning-1
205 error Linux 4.4.0-17134-Microsoft
206 error argv "/usr/bin/node" "/usr/bin/npm" "install" "node"
207 error node v8.10.0
208 error npm  v3.5.2
209 error path /mnt/c/Users/after/Desktop/stevejobs-versioning-1/node_modules/node/bin/node
210 error code ENOENT
211 error errno -2
212 error syscall chmod
213 error enoent ENOENT: no such file or directory, chmod '/mnt/c/Users/after/Desktop/stevejobs-versioning-1/node_modules/node/bin/node'
214 error enoent ENOENT: no such file or directory, chmod '/mnt/c/Users/after/Desktop/stevejobs-versioning-1/node_modules/node/bin/node'
214 error enoent This is most likely not a problem with npm itself
214 error enoent and is related to npm not being able to find a file.
215 verbose exit [ -2, true ]
